2026-01-12 19:58:53 - aviasales_bot - [31mERROR[0m - [31m‚ùå –û—à–∏–±–∫–∞ –∏–Ω–∏—Ü–∏–∞–ª–∏–∑–∞—Ü–∏–∏ Firebase: Client.__init__() got an unexpected keyword argument 'app'[0m
2026-01-12 19:58:53 - aviasales_bot - [35mCRITICAL[0m - [35m‚ùå –ö—Ä–∏—Ç–∏—á–µ—Å–∫–∞—è –æ—à–∏–±–∫–∞ –ø—Ä–∏ –∑–∞–ø—É—Å–∫–µ –±–æ—Ç–∞: Client.__init__() got an unexpected keyword argument 'app'[0m
2026-01-12 19:58:53 - aviasales_bot - [35mCRITICAL[0m - [35mTraceback (most recent call last):
  File "/home/runner/workspace/main.py", line 1577, in main
    await bot.start(config['DISCORD_TOKEN'])
  File "/home/runner/workspace/.pythonlibs/lib/python3.12/site-packages/discord/client.py", line 846, in start
    await self.login(token)
  File "/home/runner/workspace/.pythonlibs/lib/python3.12/site-packages/discord/client.py", line 689, in login
    await self.setup_hook()
  File "/home/runner/workspace/main.py", line 1172, in setup_hook
    db = self.firebase_manager.initialize(self.config.get('FIREBASE_CONFIG'))
         ^^^^^^^^^^^^^^^^^^^^^^^^^^^^^^^^^^^^^^^^^^^^^^^^^^^^^^^^^^^^^^^^^^^^
  File "/home/runner/workspace/main.py", line 259, in initialize
    self.db = firestore.Client(
              ^^^^^^^^^^^^^^^^^
TypeError: Client.__init__() got an unexpected keyword argument 'app'
[0m
2026-01-12 20:04:55 - aviasales_bot - [31mERROR[0m - [31m–û—à–∏–±–∫–∞ –∫—ç—à–∏—Ä–æ–≤–∞–Ω–∏—è –¥–∞–Ω–Ω—ã—Ö: 'async for' requires an object with __aiter__ method, got StreamGenerator[0m
2026-01-12 23:08:16 - aviasales_bot - [31mERROR[0m - [31m–û—à–∏–±–∫–∞ –∫—ç—à–∏—Ä–æ–≤–∞–Ω–∏—è –¥–∞–Ω–Ω—ã—Ö: 'async for' requires an object with __aiter__ method, got StreamGenerator[0m
2026-01-12 23:08:51 - aviasales_bot - [31mERROR[0m - [31m–û—à–∏–±–∫–∞ –≤ –º–µ—Ç–æ–¥–µ airline_settings: object QueryResultsList can't be used in 'await' expression[0m
2026-01-12 23:08:51 - aviasales_bot - [31mERROR[0m - [31mError in airline_settings: 404 Not Found (error code: 10062): Unknown interaction[0m
2026-01-12 23:08:51 - aviasales_bot - [31mERROR[0m - [31mTraceback (most recent call last):
  File "/home/runner/workspace/cogs/airlines.py", line 1100, in airline_settings
    results = await query.get()
              ^^^^^^^^^^^^^^^^^
TypeError: object QueryResultsList can't be used in 'await' expression

During handling of the above exception, another exception occurred:

Traceback (most recent call last):
  File "/home/runner/workspace/utils/decorators.py", line 15, in wrapper
    return await func(self, interaction, *args, **kwargs)
           ^^^^^^^^^^^^^^^^^^^^^^^^^^^^^^^^^^^^^^^^^^^^^^
  File "/home/runner/workspace/cogs/airlines.py", line 1212, in airline_settings
    await interaction.response.send_message(
  File "/home/runner/workspace/.pythonlibs/lib/python3.12/site-packages/discord/interactions.py", line 1051, in send_message
    response = await adapter.create_interaction_response(
               ^^^^^^^^^^^^^^^^^^^^^^^^^^^^^^^^^^^^^^^^^^
  File "/home/runner/workspace/.pythonlibs/lib/python3.12/site-packages/discord/webhook/async_.py", line 224, in request
    raise NotFound(response, data)
discord.errors.NotFound: 404 Not Found (error code: 10062): Unknown interaction
[0m
2026-01-12 23:11:16 - aviasales_bot - [31mERROR[0m - [31m–û—à–∏–±–∫–∞ –≤ –º–µ—Ç–æ–¥–µ airline_settings: object QueryResultsList can't be used in 'await' expression[0m
2026-01-12 23:22:33 - aviasales_bot - [31mERROR[0m - [31m–û—à–∏–±–∫–∞ –∫—ç—à–∏—Ä–æ–≤–∞–Ω–∏—è –¥–∞–Ω–Ω—ã—Ö: 'async for' requires an object with __aiter__ method, got StreamGenerator[0m
2026-01-12 23:23:06 - aviasales_bot - [31mERROR[0m - [31m–û—à–∏–±–∫–∞ –≤ –º–µ—Ç–æ–¥–µ airline_settings: 404 Not Found (error code: 10062): Unknown interaction[0m
2026-01-12 23:23:06 - aviasales_bot - [31mERROR[0m - [31mError in airline_settings: 404 Not Found (error code: 10015): Unknown Webhook[0m
2026-01-12 23:23:06 - aviasales_bot - [31mERROR[0m - [31mTraceback (most recent call last):
  File "/home/runner/workspace/cogs/airlines.py", line 1096, in airline_settings
    await interaction.response.defer(ephemeral=True)
  File "/home/runner/workspace/.pythonlibs/lib/python3.12/site-packages/discord/interactions.py", line 858, in defer
    response = await adapter.create_interaction_response(
               ^^^^^^^^^^^^^^^^^^^^^^^^^^^^^^^^^^^^^^^^^^
  File "/home/runner/workspace/.pythonlibs/lib/python3.12/site-packages/discord/webhook/async_.py", line 224, in request
    raise NotFound(response, data)
discord.errors.NotFound: 404 Not Found (error code: 10062): Unknown interaction

During handling of the above exception, another exception occurred:

Traceback (most recent call last):
  File "/home/runner/workspace/utils/decorators.py", line 15, in wrapper
    return await func(self, interaction, *args, **kwargs)
           ^^^^^^^^^^^^^^^^^^^^^^^^^^^^^^^^^^^^^^^^^^^^^^
  File "/home/runner/workspace/cogs/airlines.py", line 1215, in airline_settings
    await interaction.followup.send(
  File "/home/runner/workspace/.pythonlibs/lib/python3.12/site-packages/discord/webhook/async_.py", line 1900, in send
    data = await adapter.execute_webhook(
           ^^^^^^^^^^^^^^^^^^^^^^^^^^^^^^
  File "/home/runner/workspace/.pythonlibs/lib/python3.12/site-packages/discord/webhook/async_.py", line 224, in request
    raise NotFound(response, data)
discord.errors.NotFound: 404 Not Found (error code: 10015): Unknown Webhook
[0m
2026-01-12 23:41:22 - aviasales_bot - [31mERROR[0m - [31m–û—à–∏–±–∫–∞ –∫—ç—à–∏—Ä–æ–≤–∞–Ω–∏—è –¥–∞–Ω–Ω—ã—Ö: 'async for' requires an object with __aiter__ method, got StreamGenerator[0m
2026-01-12 23:54:23 - aviasales_bot - [31mERROR[0m - [31m–û—à–∏–±–∫–∞ –∫—ç—à–∏—Ä–æ–≤–∞–Ω–∏—è –¥–∞–Ω–Ω—ã—Ö: 'async for' requires an object with __aiter__ method, got StreamGenerator[0m
2026-01-13 00:01:57 - aviasales_bot - [31mERROR[0m - [31m–û—à–∏–±–∫–∞ –∫—ç—à–∏—Ä–æ–≤–∞–Ω–∏—è –¥–∞–Ω–Ω—ã—Ö: 'async for' requires an object with __aiter__ method, got StreamGenerator[0m
2026-01-13 00:08:24 - aviasales_bot - [31mERROR[0m - [31m–û—à–∏–±–∫–∞ –∫—ç—à–∏—Ä–æ–≤–∞–Ω–∏—è –¥–∞–Ω–Ω—ã—Ö: 'async for' requires an object with __aiter__ method, got StreamGenerator[0m
2026-01-13 00:22:20 - aviasales_bot - [31mERROR[0m - [31m–û—à–∏–±–∫–∞ –∫—ç—à–∏—Ä–æ–≤–∞–Ω–∏—è –¥–∞–Ω–Ω—ã—Ö: 'async for' requires an object with __aiter__ method, got StreamGenerator[0m
2026-01-13 00:37:21 - aviasales_bot - [31mERROR[0m - [31m–û—à–∏–±–∫–∞ –∫—ç—à–∏—Ä–æ–≤–∞–Ω–∏—è –¥–∞–Ω–Ω—ã—Ö: 'async for' requires an object with __aiter__ method, got StreamGenerator[0m
2026-01-13 00:37:29 - aviasales_bot - [31mERROR[0m - [31m‚ùå –ù–µ–∏–∑–≤–µ—Å—Ç–Ω–∞—è –æ—à–∏–±–∫–∞ –ø—Ä–∏ –∑–∞–≥—Ä—É–∑–∫–µ cogs.flights: Extension 'cogs.flights' has no 'setup' function.[0m
2026-01-13 00:39:31 - aviasales_bot - [31mERROR[0m - [31m–û—à–∏–±–∫–∞ –∫—ç—à–∏—Ä–æ–≤–∞–Ω–∏—è –¥–∞–Ω–Ω—ã—Ö: 'async for' requires an object with __aiter__ method, got StreamGenerator[0m
2026-01-13 01:10:35 - aviasales_bot - [31mERROR[0m - [31m–û—à–∏–±–∫–∞ –∫—ç—à–∏—Ä–æ–≤–∞–Ω–∏—è –¥–∞–Ω–Ω—ã—Ö: 'async for' requires an object with __aiter__ method, got StreamGenerator[0m
2026-01-13 01:10:42 - aviasales_bot - [31mERROR[0m - [31m‚ùå –û—à–∏–±–∫–∞ –∑–∞–≥—Ä—É–∑–∫–∏ –º–æ–¥—É–ª—è cogs.passengers: Extension 'cogs.passengers' raised an error: CommandAlreadyRegistered: Command '—Ä–∞—Å–ø–∏—Å–∞–Ω–∏–µ' already registered.[0m
2026-01-13 01:11:20 - aviasales_bot - [31mERROR[0m - [31m–û—à–∏–±–∫–∞ –∫—ç—à–∏—Ä–æ–≤–∞–Ω–∏—è –¥–∞–Ω–Ω—ã—Ö: 'async for' requires an object with __aiter__ method, got StreamGenerator[0m
2026-01-13 01:11:27 - aviasales_bot - [31mERROR[0m - [31m‚ùå –û—à–∏–±–∫–∞ –∑–∞–≥—Ä—É–∑–∫–∏ –º–æ–¥—É–ª—è cogs.passengers: Extension 'cogs.passengers' raised an error: CommandAlreadyRegistered: Command '—Ä–∞—Å–ø–∏—Å–∞–Ω–∏–µ' already registered.[0m
2026-01-13 01:11:57 - aviasales_bot - [31mERROR[0m - [31m–û—à–∏–±–∫–∞ –∫—ç—à–∏—Ä–æ–≤–∞–Ω–∏—è –¥–∞–Ω–Ω—ã—Ö: 'async for' requires an object with __aiter__ method, got StreamGenerator[0m
2026-01-13 01:12:03 - aviasales_bot - [31mERROR[0m - [31m‚ùå –û—à–∏–±–∫–∞ –∑–∞–≥—Ä—É–∑–∫–∏ –º–æ–¥—É–ª—è cogs.passengers: Extension 'cogs.passengers' raised an error: CommandAlreadyRegistered: Command '—Ä–∞—Å–ø–∏—Å–∞–Ω–∏–µ' already registered.[0m
2026-01-13 01:16:08 - aviasales_bot - [31mERROR[0m - [31m–û—à–∏–±–∫–∞ –∫—ç—à–∏—Ä–æ–≤–∞–Ω–∏—è –¥–∞–Ω–Ω—ã—Ö: 'async for' requires an object with __aiter__ method, got StreamGenerator[0m
2026-01-13 01:16:15 - aviasales_bot - [31mERROR[0m - [31m‚ùå –û—à–∏–±–∫–∞ –∑–∞–≥—Ä—É–∑–∫–∏ –º–æ–¥—É–ª—è cogs.passengers: Extension 'cogs.passengers' raised an error: CommandAlreadyRegistered: Command '—Ä–∞—Å–ø–∏—Å–∞–Ω–∏–µ' already registered.[0m
2026-01-13 01:17:01 - aviasales_bot - [31mERROR[0m - [31m–û—à–∏–±–∫–∞ –∫—ç—à–∏—Ä–æ–≤–∞–Ω–∏—è –¥–∞–Ω–Ω—ã—Ö: 'async for' requires an object with __aiter__ method, got StreamGenerator[0m
2026-01-13 01:17:07 - aviasales_bot - [31mERROR[0m - [31m‚ùå –û—à–∏–±–∫–∞ –∑–∞–≥—Ä—É–∑–∫–∏ –º–æ–¥—É–ª—è cogs.passengers: Extension 'cogs.passengers' raised an error: CommandAlreadyRegistered: Command '—Ä–∞—Å–ø–∏—Å–∞–Ω–∏–µ' already registered.[0m
2026-01-13 01:21:43 - aviasales_bot - [31mERROR[0m - [31m–û—à–∏–±–∫–∞ –∫—ç—à–∏—Ä–æ–≤–∞–Ω–∏—è –¥–∞–Ω–Ω—ã—Ö: 'async for' requires an object with __aiter__ method, got StreamGenerator[0m
2026-01-13 01:32:00 - aviasales_bot - [31mERROR[0m - [31m‚ùå –ù–µ–∏–∑–≤–µ—Å—Ç–Ω–∞—è –æ—à–∏–±–∫–∞ –ø—Ä–∏ –∑–∞–≥—Ä—É–∑–∫–µ cogs.flights: expected 'except' or 'finally' block (flights.py, line 550)[0m
2026-01-13 01:36:09 - aviasales_bot - [31mERROR[0m - [31m‚ùå –ù–µ–∏–∑–≤–µ—Å—Ç–Ω–∞—è –æ—à–∏–±–∫–∞ –ø—Ä–∏ –∑–∞–≥—Ä—É–∑–∫–µ cogs.flights: expected 'except' or 'finally' block (flights.py, line 550)[0m
2026-01-13 01:36:51 - aviasales_bot - [31mERROR[0m - [31m‚ùå –ù–µ–∏–∑–≤–µ—Å—Ç–Ω–∞—è –æ—à–∏–±–∫–∞ –ø—Ä–∏ –∑–∞–≥—Ä—É–∑–∫–µ cogs.flights: expected 'except' or 'finally' block (flights.py, line 550)[0m
2026-01-15 21:45:16 - aviasales_bot - [31mERROR[0m - [31m‚ùå –ù–µ–∏–∑–≤–µ—Å—Ç–Ω–∞—è –æ—à–∏–±–∫–∞ –ø—Ä–∏ –∑–∞–≥—Ä—É–∑–∫–µ cogs.flights: expected 'except' or 'finally' block (flights.py, line 550)[0m
2026-01-15 21:48:17 - aviasales_bot - [31mERROR[0m - [31m‚ùå –ù–µ–∏–∑–≤–µ—Å—Ç–Ω–∞—è –æ—à–∏–±–∫–∞ –ø—Ä–∏ –∑–∞–≥—Ä—É–∑–∫–µ cogs.flights: expected 'except' or 'finally' block (flights.py, line 550)[0m
2026-01-15 21:59:21 - aviasales_bot - [31mERROR[0m - [31m–û—à–∏–±–∫–∞ –≤ –º–µ—Ç–æ–¥–µ airline_settings: 404 Not Found (error code: 10062): Unknown interaction[0m
2026-01-15 21:59:22 - aviasales_bot - [31mERROR[0m - [31mError in airline_settings: 404 Not Found (error code: 10015): Unknown Webhook[0m
2026-01-15 21:59:22 - aviasales_bot - [31mERROR[0m - [31mTraceback (most recent call last):
  File "/home/runner/workspace/cogs/airlines.py", line 1096, in airline_settings
    await interaction.response.defer(ephemeral=True)
  File "/home/runner/workspace/.pythonlibs/lib/python3.12/site-packages/discord/interactions.py", line 858, in defer
    response = await adapter.create_interaction_response(
               ^^^^^^^^^^^^^^^^^^^^^^^^^^^^^^^^^^^^^^^^^^
  File "/home/runner/workspace/.pythonlibs/lib/python3.12/site-packages/discord/webhook/async_.py", line 224, in request
    raise NotFound(response, data)
discord.errors.NotFound: 404 Not Found (error code: 10062): Unknown interaction

During handling of the above exception, another exception occurred:

Traceback (most recent call last):
  File "/home/runner/workspace/utils/decorators.py", line 15, in wrapper
    return await func(self, interaction, *args, **kwargs)
           ^^^^^^^^^^^^^^^^^^^^^^^^^^^^^^^^^^^^^^^^^^^^^^
  File "/home/runner/workspace/cogs/airlines.py", line 1215, in airline_settings
    await interaction.followup.send(
  File "/home/runner/workspace/.pythonlibs/lib/python3.12/site-packages/discord/webhook/async_.py", line 1900, in send
    data = await adapter.execute_webhook(
           ^^^^^^^^^^^^^^^^^^^^^^^^^^^^^^
  File "/home/runner/workspace/.pythonlibs/lib/python3.12/site-packages/discord/webhook/async_.py", line 224, in request
    raise NotFound(response, data)
discord.errors.NotFound: 404 Not Found (error code: 10015): Unknown Webhook
[0m
2026-01-15 22:06:30 - aviasales_bot - [31mERROR[0m - [31m‚ùå –û—à–∏–±–∫–∞ –∑–∞–≥—Ä—É–∑–∫–∏ –º–æ–¥—É–ª—è cogs.flights: 'await' outside async function (flights.py, line 239)[0m
2026-01-15 22:11:29 - aviasales_bot - [31mERROR[0m - [31m–û—à–∏–±–∫–∞ –≤ –º–µ—Ç–æ–¥–µ airline_settings: 404 Not Found (error code: 10062): Unknown interaction[0m
2026-01-15 22:11:30 - aviasales_bot - [31mERROR[0m - [31mError in airline_settings: 404 Not Found (error code: 10015): Unknown Webhook[0m
2026-01-15 22:11:30 - aviasales_bot - [31mERROR[0m - [31mTraceback (most recent call last):
  File "/home/runner/workspace/cogs/airlines.py", line 1096, in airline_settings
    await interaction.response.defer(ephemeral=True)
  File "/home/runner/workspace/.pythonlibs/lib/python3.12/site-packages/discord/interactions.py", line 858, in defer
    response = await adapter.create_interaction_response(
               ^^^^^^^^^^^^^^^^^^^^^^^^^^^^^^^^^^^^^^^^^^
  File "/home/runner/workspace/.pythonlibs/lib/python3.12/site-packages/discord/webhook/async_.py", line 224, in request
    raise NotFound(response, data)
discord.errors.NotFound: 404 Not Found (error code: 10062): Unknown interaction

During handling of the above exception, another exception occurred:

Traceback (most recent call last):
  File "/home/runner/workspace/utils/decorators.py", line 15, in wrapper
    return await func(self, interaction, *args, **kwargs)
           ^^^^^^^^^^^^^^^^^^^^^^^^^^^^^^^^^^^^^^^^^^^^^^
  File "/home/runner/workspace/cogs/airlines.py", line 1215, in airline_settings
    await interaction.followup.send(
  File "/home/runner/workspace/.pythonlibs/lib/python3.12/site-packages/discord/webhook/async_.py", line 1900, in send
    data = await adapter.execute_webhook(
           ^^^^^^^^^^^^^^^^^^^^^^^^^^^^^^
  File "/home/runner/workspace/.pythonlibs/lib/python3.12/site-packages/discord/webhook/async_.py", line 224, in request
    raise NotFound(response, data)
discord.errors.NotFound: 404 Not Found (error code: 10015): Unknown Webhook
[0m
2026-01-15 22:17:30 - aviasales_bot - [31mERROR[0m - [31m–û—à–∏–±–∫–∞ –≤ –º–µ—Ç–æ–¥–µ airline_settings: 404 Not Found (error code: 10062): Unknown interaction[0m
2026-01-15 22:17:30 - aviasales_bot - [31mERROR[0m - [31mError in airline_settings: 404 Not Found (error code: 10015): Unknown Webhook[0m
2026-01-15 22:17:30 - aviasales_bot - [31mERROR[0m - [31mTraceback (most recent call last):
  File "/home/runner/workspace/cogs/airlines.py", line 1082, in airline_settings
    await interaction.response.defer(ephemeral=True)
  File "/home/runner/workspace/.pythonlibs/lib/python3.12/site-packages/discord/interactions.py", line 858, in defer
    response = await adapter.create_interaction_response(
               ^^^^^^^^^^^^^^^^^^^^^^^^^^^^^^^^^^^^^^^^^^
  File "/home/runner/workspace/.pythonlibs/lib/python3.12/site-packages/discord/webhook/async_.py", line 224, in request
    raise NotFound(response, data)
discord.errors.NotFound: 404 Not Found (error code: 10062): Unknown interaction

During handling of the above exception, another exception occurred:

Traceback (most recent call last):
  File "/home/runner/workspace/utils/decorators.py", line 15, in wrapper
    return await func(self, interaction, *args, **kwargs)
           ^^^^^^^^^^^^^^^^^^^^^^^^^^^^^^^^^^^^^^^^^^^^^^
  File "/home/runner/workspace/cogs/airlines.py", line 1201, in airline_settings
    await interaction.followup.send(
  File "/home/runner/workspace/.pythonlibs/lib/python3.12/site-packages/discord/webhook/async_.py", line 1900, in send
    data = await adapter.execute_webhook(
           ^^^^^^^^^^^^^^^^^^^^^^^^^^^^^^
  File "/home/runner/workspace/.pythonlibs/lib/python3.12/site-packages/discord/webhook/async_.py", line 224, in request
    raise NotFound(response, data)
discord.errors.NotFound: 404 Not Found (error code: 10015): Unknown Webhook
[0m
